<?xml version="1.0" encoding="UTF-8"?>
<!-- Generated by org.testng.reporters.JUnitReportReporter -->
<testsuite hostname="DESKTOP-SUHMU3A" failures="0" tests="1" name="qsp.DisplayAssert" time="60.926" errors="0" timestamp="2020-12-16T22:31:50 IST" skipped="0">
  <testcase classname="qsp.DisplayAssert" name="testA" time="60.926"/>
  <system-out/>
</testsuite> <!-- qsp.DisplayAssert -->
