<?xml version="1.0" encoding="UTF-8"?>
<!-- Generated by org.testng.reporters.JUnitReportReporter -->
<testsuite hostname="DESKTOP-SUHMU3A" failures="0" tests="2" name="qsp.DemoGrp2" time="0.033" errors="0" timestamp="2020-12-16T20:32:03 IST" skipped="0">
  <testcase classname="qsp.DemoGrp2" name="createTask" time="0.015"/>
  <system-out>
Task is created  </system-out>
  <testcase classname="qsp.DemoGrp2" name="editTask" time="0.018"/>
  <system-out>
Task is edit  </system-out>
</testsuite> <!-- qsp.DemoGrp2 -->
