<?xml version="1.0" encoding="UTF-8"?>
<!-- Generated by org.testng.reporters.JUnitReportReporter -->
<testsuite hostname="DESKTOP-SUHMU3A" failures="0" tests="1" name="qsp.DemoA" time="0.018" errors="0" timestamp="2020-12-15T22:58:20 IST" skipped="0">
  <testcase classname="qsp.DemoA" name="testA" time="0.018"/>
  <system-out>
hii  </system-out>
</testsuite> <!-- qsp.DemoA -->
