<?xml version="1.0" encoding="UTF-8"?>
<!-- Generated by org.testng.reporters.JUnitReportReporter -->
<testsuite hostname="DESKTOP-SUHMU3A" failures="0" tests="3" name="qsp.DemoC" time="0.026" errors="0" timestamp="2020-12-15T23:24:04 IST" skipped="0">
  <testcase classname="qsp.DemoC" name="testC" time="0.007"/>
  <system-out>
Test C  </system-out>
  <testcase classname="qsp.DemoC" name="testA" time="0.014"/>
  <system-out>
TestA  </system-out>
  <testcase classname="qsp.DemoC" name="testB" time="0.005"/>
  <system-out>
TestB  </system-out>
</testsuite> <!-- qsp.DemoC -->
