<?xml version="1.0" encoding="UTF-8"?>
<!-- Generated by org.testng.reporters.JUnitReportReporter -->
<testsuite hostname="DESKTOP-SUHMU3A" failures="0" tests="1" name="qsp.DemoB" time="0.004" errors="0" timestamp="2020-12-15T22:58:20 IST" skipped="0">
  <testcase classname="qsp.DemoB" name="testB" time="0.004"/>
  <system-out>
Hello  </system-out>
</testsuite> <!-- qsp.DemoB -->
