<?xml version="1.0" encoding="UTF-8"?>
<!-- Generated by org.testng.reporters.JUnitReportReporter -->
<testsuite hostname="DESKTOP-SUHMU3A" failures="0" tests="2" name="qsp.DemoGrp" time="0.011" errors="0" timestamp="2020-12-16T20:32:03 IST" skipped="0">
  <testcase classname="qsp.DemoGrp" name="createUser" time="0.006"/>
  <system-out>
User is created  </system-out>
  <testcase classname="qsp.DemoGrp" name="editUser" time="0.005"/>
  <system-out>
User is edit  </system-out>
</testsuite> <!-- qsp.DemoGrp -->
