<?xml version="1.0" encoding="UTF-8"?>
<!-- Generated by org.testng.reporters.JUnitReportReporter -->
<testsuite hostname="DESKTOP-SUHMU3A" failures="0" tests="1" name="qsp.TitleSoftAssert" time="67.950" errors="0" timestamp="2020-12-16T22:47:06 IST" skipped="0">
  <testcase classname="qsp.TitleSoftAssert" name="testA" time="67.950"/>
  <system-out/>
</testsuite> <!-- qsp.TitleSoftAssert -->
