<?xml version="1.0" encoding="UTF-8"?>
<!-- Generated by org.testng.reporters.JUnitReportReporter -->
<testsuite hostname="DESKTOP-SUHMU3A" failures="0" tests="1" name="qsp.CheckBoxAssert" time="25.073" errors="0" timestamp="2020-12-16T22:39:37 IST" skipped="0">
  <testcase classname="qsp.CheckBoxAssert" name="testA" time="25.073"/>
  <system-out/>
</testsuite> <!-- qsp.CheckBoxAssert -->
