<?xml version="1.0" encoding="UTF-8"?>
<!-- Generated by org.testng.reporters.JUnitReportReporter -->
<testsuite hostname="DESKTOP-SUHMU3A" failures="0" tests="1" name="qsp.GenericReadWrite" time="2.411" errors="0" timestamp="2020-12-17T23:23:06 IST" skipped="0">
  <testcase classname="qsp.GenericReadWrite" name="testA" time="2.411"/>
  <system-out/>
</testsuite> <!-- qsp.GenericReadWrite -->
